[2022-05-17 13:31:40][ERROR][org.springframework.boot.SpringApplication] Application run failed
java.lang.IllegalStateException: java.lang.IllegalStateException: Logback configuration error detected: 
ERROR in ch.qos.logback.core.joran.action.NestedComplexPropertyIA - Could not create component [filter] of type [com.ovopark.smart.offset.commit.kafka.util.KafkaConsumerLogFilter] java.lang.ClassNotFoundException: com.ovopark.smart.offset.commit.kafka.util.KafkaConsumerLogFilter
ERROR in ch.qos.logback.core.joran.spi.Interpreter@26:25 - no applicable action for [threadName], current ElementPath  is [[configuration][appender][filter][threadName]]
ERROR in ch.qos.logback.core.joran.spi.Interpreter@27:22 - no applicable action for [onMatch], current ElementPath  is [[configuration][appender][filter][onMatch]]
ERROR in ch.qos.logback.core.joran.spi.Interpreter@28:26 - no applicable action for [onMissMatch], current ElementPath  is [[configuration][appender][filter][onMissMatch]]
	at org.springframework.boot.context.logging.LoggingApplicationListener.initializeSystem(LoggingApplicationListener.java:328)
	at org.springframework.boot.context.logging.LoggingApplicationListener.initialize(LoggingApplicationListener.java:282)
	at org.springframework.boot.context.logging.LoggingApplicationListener.onApplicationEnvironmentPreparedEvent(LoggingApplicationListener.java:240)
	at org.springframework.boot.context.logging.LoggingApplicationListener.onApplicationEvent(LoggingApplicationListener.java:216)
	at org.springframework.context.event.SimpleApplicationEventMulticaster.doInvokeListener(SimpleApplicationEventMulticaster.java:176)
	at org.springframework.context.event.SimpleApplicationEventMulticaster.invokeListener(SimpleApplicationEventMulticaster.java:169)
	at org.springframework.context.event.SimpleApplicationEventMulticaster.multicastEvent(SimpleApplicationEventMulticaster.java:143)
	at org.springframework.context.event.SimpleApplicationEventMulticaster.multicastEvent(SimpleApplicationEventMulticaster.java:131)
	at org.springframework.boot.context.event.EventPublishingRunListener.environmentPrepared(EventPublishingRunListener.java:82)
	at org.springframework.boot.SpringApplicationRunListeners.lambda$environmentPrepared$2(SpringApplicationRunListeners.java:63)
	at java.util.ArrayList.forEach(ArrayList.java:1257)
	at org.springframework.boot.SpringApplicationRunListeners.doWithListeners(SpringApplicationRunListeners.java:117)
	at org.springframework.boot.SpringApplicationRunListeners.doWithListeners(SpringApplicationRunListeners.java:111)
	at org.springframework.boot.SpringApplicationRunListeners.environmentPrepared(SpringApplicationRunListeners.java:62)
	at org.springframework.boot.SpringApplication.prepareEnvironment(SpringApplication.java:375)
	at org.springframework.boot.SpringApplication.run(SpringApplication.java:333)
	at org.springframework.boot.SpringApplication.run(SpringApplication.java:1365)
	at org.springframework.boot.SpringApplication.run(SpringApplication.java:1354)
	at xyz.klausturbo.manageable.kafka.ManageableKafkaConsumerApplication.main(ManageableKafkaConsumerApplication.java:16)
Caused by: java.lang.IllegalStateException: Logback configuration error detected: 
ERROR in ch.qos.logback.core.joran.action.NestedComplexPropertyIA - Could not create component [filter] of type [com.ovopark.smart.offset.commit.kafka.util.KafkaConsumerLogFilter] java.lang.ClassNotFoundException: com.ovopark.smart.offset.commit.kafka.util.KafkaConsumerLogFilter
ERROR in ch.qos.logback.core.joran.spi.Interpreter@26:25 - no applicable action for [threadName], current ElementPath  is [[configuration][appender][filter][threadName]]
ERROR in ch.qos.logback.core.joran.spi.Interpreter@27:22 - no applicable action for [onMatch], current ElementPath  is [[configuration][appender][filter][onMatch]]
ERROR in ch.qos.logback.core.joran.spi.Interpreter@28:26 - no applicable action for [onMissMatch], current ElementPath  is [[configuration][appender][filter][onMissMatch]]
	at org.springframework.boot.logging.logback.LogbackLoggingSystem.loadConfiguration(LogbackLoggingSystem.java:179)
	at org.springframework.boot.logging.AbstractLoggingSystem.initializeWithConventions(AbstractLoggingSystem.java:80)
	at org.springframework.boot.logging.AbstractLoggingSystem.initialize(AbstractLoggingSystem.java:60)
	at org.springframework.boot.logging.logback.LogbackLoggingSystem.initialize(LogbackLoggingSystem.java:132)
	at org.springframework.boot.context.logging.LoggingApplicationListener.initializeSystem(LoggingApplicationListener.java:313)
	... 18 common frames omitted
[2022-05-17 13:32:22][INFO][xyz.klausturbo.manageable.kafka.ManageableKafkaConsumerApplication] Starting ManageableKafkaConsumerApplication using Java 1.8.0_231 on guyuedeMacBook-Pro.local with PID 98091 (/Users/guyue/IdeaProjects/manageable-kafka-consumer/target/classes started by guyue in /Users/guyue/IdeaProjects/manageable-kafka-consumer)
[2022-05-17 13:32:22][INFO][xyz.klausturbo.manageable.kafka.ManageableKafkaConsumerApplication] No active profile set, falling back to 1 default profile: "default"
[2022-05-17 13:32:22][ERROR][org.springframework.boot.SpringApplication] Application run failed
java.lang.IllegalStateException: Unable to read meta-data for class /
	at org.springframework.boot.autoconfigure.AutoConfigurationSorter$AutoConfigurationClass.getAnnotationMetadata(AutoConfigurationSorter.java:237)
	at org.springframework.boot.autoconfigure.AutoConfigurationSorter$AutoConfigurationClass.getOrder(AutoConfigurationSorter.java:208)
	at org.springframework.boot.autoconfigure.AutoConfigurationSorter$AutoConfigurationClass.access$000(AutoConfigurationSorter.java:154)
	at org.springframework.boot.autoconfigure.AutoConfigurationSorter.lambda$getInPriorityOrder$0(AutoConfigurationSorter.java:64)
	at java.util.TimSort.countRunAndMakeAscending(TimSort.java:355)
	at java.util.TimSort.sort(TimSort.java:220)
	at java.util.Arrays.sort(Arrays.java:1512)
	at java.util.ArrayList.sort(ArrayList.java:1462)
	at org.springframework.boot.autoconfigure.AutoConfigurationSorter.getInPriorityOrder(AutoConfigurationSorter.java:62)
	at org.springframework.boot.autoconfigure.AutoConfigurationImportSelector$AutoConfigurationGroup.sortAutoConfigurations(AutoConfigurationImportSelector.java:468)
	at org.springframework.boot.autoconfigure.AutoConfigurationImportSelector$AutoConfigurationGroup.selectImports(AutoConfigurationImportSelector.java:453)
	at org.springframework.context.annotation.ConfigurationClassParser$DeferredImportSelectorGrouping.getImports(ConfigurationClassParser.java:882)
	at org.springframework.context.annotation.ConfigurationClassParser$DeferredImportSelectorGroupingHandler.processGroupImports(ConfigurationClassParser.java:809)
	at org.springframework.context.annotation.ConfigurationClassParser$DeferredImportSelectorHandler.process(ConfigurationClassParser.java:780)
	at org.springframework.context.annotation.ConfigurationClassParser.parse(ConfigurationClassParser.java:193)
	at org.springframework.context.annotation.ConfigurationClassPostProcessor.processConfigBeanDefinitions(ConfigurationClassPostProcessor.java:331)
	at org.springframework.context.annotation.ConfigurationClassPostProcessor.postProcessBeanDefinitionRegistry(ConfigurationClassPostProcessor.java:247)
	at org.springframework.context.support.PostProcessorRegistrationDelegate.invokeBeanDefinitionRegistryPostProcessors(PostProcessorRegistrationDelegate.java:311)
	at org.springframework.context.support.PostProcessorRegistrationDelegate.invokeBeanFactoryPostProcessors(PostProcessorRegistrationDelegate.java:112)
	at org.springframework.context.support.AbstractApplicationContext.invokeBeanFactoryPostProcessors(AbstractApplicationContext.java:746)
	at org.springframework.context.support.AbstractApplicationContext.refresh(AbstractApplicationContext.java:564)
	at org.springframework.boot.web.servlet.context.ServletWebServerApplicationContext.refresh(ServletWebServerApplicationContext.java:145)
	at org.springframework.boot.SpringApplication.refresh(SpringApplication.java:775)
	at org.springframework.boot.SpringApplication.refreshContext(SpringApplication.java:448)
	at org.springframework.boot.SpringApplication.run(SpringApplication.java:339)
	at org.springframework.boot.SpringApplication.run(SpringApplication.java:1365)
	at org.springframework.boot.SpringApplication.run(SpringApplication.java:1354)
	at xyz.klausturbo.manageable.kafka.ManageableKafkaConsumerApplication.main(ManageableKafkaConsumerApplication.java:16)
Caused by: java.io.FileNotFoundException: class path resource [.class] cannot be opened because it does not exist
	at org.springframework.core.io.ClassPathResource.getInputStream(ClassPathResource.java:199)
	at org.springframework.core.type.classreading.SimpleMetadataReader.getClassReader(SimpleMetadataReader.java:55)
	at org.springframework.core.type.classreading.SimpleMetadataReader.<init>(SimpleMetadataReader.java:49)
	at org.springframework.core.type.classreading.SimpleMetadataReaderFactory.getMetadataReader(SimpleMetadataReaderFactory.java:103)
	at org.springframework.boot.type.classreading.ConcurrentReferenceCachingMetadataReaderFactory.createMetadataReader(ConcurrentReferenceCachingMetadataReaderFactory.java:86)
	at org.springframework.boot.type.classreading.ConcurrentReferenceCachingMetadataReaderFactory.getMetadataReader(ConcurrentReferenceCachingMetadataReaderFactory.java:73)
	at org.springframework.core.type.classreading.SimpleMetadataReaderFactory.getMetadataReader(SimpleMetadataReaderFactory.java:81)
	at org.springframework.boot.autoconfigure.AutoConfigurationSorter$AutoConfigurationClass.getAnnotationMetadata(AutoConfigurationSorter.java:233)
	... 27 common frames omitted
[2022-05-17 13:33:47][INFO][xyz.klausturbo.manageable.kafka.ManageableKafkaConsumerApplication] Starting ManageableKafkaConsumerApplication using Java 1.8.0_231 on guyuedeMacBook-Pro.local with PID 98145 (/Users/guyue/IdeaProjects/manageable-kafka-consumer/target/classes started by guyue in /Users/guyue/IdeaProjects/manageable-kafka-consumer)
[2022-05-17 13:33:47][INFO][xyz.klausturbo.manageable.kafka.ManageableKafkaConsumerApplication] No active profile set, falling back to 1 default profile: "default"
[2022-05-17 13:33:48][ERROR][org.springframework.boot.SpringApplication] Application run failed
java.lang.IllegalStateException: Unable to read meta-data for class /
	at org.springframework.boot.autoconfigure.AutoConfigurationSorter$AutoConfigurationClass.getAnnotationMetadata(AutoConfigurationSorter.java:237)
	at org.springframework.boot.autoconfigure.AutoConfigurationSorter$AutoConfigurationClass.getOrder(AutoConfigurationSorter.java:208)
	at org.springframework.boot.autoconfigure.AutoConfigurationSorter$AutoConfigurationClass.access$000(AutoConfigurationSorter.java:154)
	at org.springframework.boot.autoconfigure.AutoConfigurationSorter.lambda$getInPriorityOrder$0(AutoConfigurationSorter.java:64)
	at java.util.TimSort.countRunAndMakeAscending(TimSort.java:355)
	at java.util.TimSort.sort(TimSort.java:220)
	at java.util.Arrays.sort(Arrays.java:1512)
	at java.util.ArrayList.sort(ArrayList.java:1462)
	at org.springframework.boot.autoconfigure.AutoConfigurationSorter.getInPriorityOrder(AutoConfigurationSorter.java:62)
	at org.springframework.boot.autoconfigure.AutoConfigurationImportSelector$AutoConfigurationGroup.sortAutoConfigurations(AutoConfigurationImportSelector.java:468)
	at org.springframework.boot.autoconfigure.AutoConfigurationImportSelector$AutoConfigurationGroup.selectImports(AutoConfigurationImportSelector.java:453)
	at org.springframework.context.annotation.ConfigurationClassParser$DeferredImportSelectorGrouping.getImports(ConfigurationClassParser.java:882)
	at org.springframework.context.annotation.ConfigurationClassParser$DeferredImportSelectorGroupingHandler.processGroupImports(ConfigurationClassParser.java:809)
	at org.springframework.context.annotation.ConfigurationClassParser$DeferredImportSelectorHandler.process(ConfigurationClassParser.java:780)
	at org.springframework.context.annotation.ConfigurationClassParser.parse(ConfigurationClassParser.java:193)
	at org.springframework.context.annotation.ConfigurationClassPostProcessor.processConfigBeanDefinitions(ConfigurationClassPostProcessor.java:331)
	at org.springframework.context.annotation.ConfigurationClassPostProcessor.postProcessBeanDefinitionRegistry(ConfigurationClassPostProcessor.java:247)
	at org.springframework.context.support.PostProcessorRegistrationDelegate.invokeBeanDefinitionRegistryPostProcessors(PostProcessorRegistrationDelegate.java:311)
	at org.springframework.context.support.PostProcessorRegistrationDelegate.invokeBeanFactoryPostProcessors(PostProcessorRegistrationDelegate.java:112)
	at org.springframework.context.support.AbstractApplicationContext.invokeBeanFactoryPostProcessors(AbstractApplicationContext.java:746)
	at org.springframework.context.support.AbstractApplicationContext.refresh(AbstractApplicationContext.java:564)
	at org.springframework.boot.web.servlet.context.ServletWebServerApplicationContext.refresh(ServletWebServerApplicationContext.java:145)
	at org.springframework.boot.SpringApplication.refresh(SpringApplication.java:775)
	at org.springframework.boot.SpringApplication.refreshContext(SpringApplication.java:448)
	at org.springframework.boot.SpringApplication.run(SpringApplication.java:339)
	at org.springframework.boot.SpringApplication.run(SpringApplication.java:1365)
	at org.springframework.boot.SpringApplication.run(SpringApplication.java:1354)
	at xyz.klausturbo.manageable.kafka.ManageableKafkaConsumerApplication.main(ManageableKafkaConsumerApplication.java:16)
Caused by: java.io.FileNotFoundException: class path resource [.class] cannot be opened because it does not exist
	at org.springframework.core.io.ClassPathResource.getInputStream(ClassPathResource.java:199)
	at org.springframework.core.type.classreading.SimpleMetadataReader.getClassReader(SimpleMetadataReader.java:55)
	at org.springframework.core.type.classreading.SimpleMetadataReader.<init>(SimpleMetadataReader.java:49)
	at org.springframework.core.type.classreading.SimpleMetadataReaderFactory.getMetadataReader(SimpleMetadataReaderFactory.java:103)
	at org.springframework.boot.type.classreading.ConcurrentReferenceCachingMetadataReaderFactory.createMetadataReader(ConcurrentReferenceCachingMetadataReaderFactory.java:86)
	at org.springframework.boot.type.classreading.ConcurrentReferenceCachingMetadataReaderFactory.getMetadataReader(ConcurrentReferenceCachingMetadataReaderFactory.java:73)
	at org.springframework.core.type.classreading.SimpleMetadataReaderFactory.getMetadataReader(SimpleMetadataReaderFactory.java:81)
	at org.springframework.boot.autoconfigure.AutoConfigurationSorter$AutoConfigurationClass.getAnnotationMetadata(AutoConfigurationSorter.java:233)
	... 27 common frames omitted
[2022-05-17 13:34:26][INFO][xyz.klausturbo.manageable.kafka.ManageableKafkaConsumerApplication] Starting ManageableKafkaConsumerApplication using Java 1.8.0_231 on guyuedeMacBook-Pro.local with PID 98166 (/Users/guyue/IdeaProjects/manageable-kafka-consumer/target/classes started by guyue in /Users/guyue/IdeaProjects/manageable-kafka-consumer)
[2022-05-17 13:34:26][INFO][xyz.klausturbo.manageable.kafka.ManageableKafkaConsumerApplication] No active profile set, falling back to 1 default profile: "default"
[2022-05-17 13:34:27][INFO][org.springframework.boot.web.embedded.tomcat.TomcatWebServer] Tomcat initialized with port(s): 8080 (http)
[2022-05-17 13:34:27][INFO][org.springframework.boot.web.servlet.context.ServletWebServerApplicationContext] Root WebApplicationContext: initialization completed in 691 ms
[2022-05-17 13:34:28][INFO][org.springframework.boot.web.embedded.tomcat.TomcatWebServer] Tomcat started on port(s): 8080 (http) with context path ''
[2022-05-17 13:34:28][INFO][xyz.klausturbo.manageable.kafka.ManageableKafkaConsumerApplication] Started ManageableKafkaConsumerApplication in 1.981 seconds (JVM running for 2.433)
[2022-05-17 13:34:34][INFO][xyz.klausturbo.manageable.kafka.ManageableKafkaConsumerApplication] Starting ManageableKafkaConsumerApplication using Java 1.8.0_231 on guyuedeMacBook-Pro.local with PID 98176 (/Users/guyue/IdeaProjects/manageable-kafka-consumer/target/classes started by guyue in /Users/guyue/IdeaProjects/manageable-kafka-consumer)
[2022-05-17 13:34:34][INFO][xyz.klausturbo.manageable.kafka.ManageableKafkaConsumerApplication] No active profile set, falling back to 1 default profile: "default"
[2022-05-17 13:34:35][INFO][org.springframework.boot.web.embedded.tomcat.TomcatWebServer] Tomcat initialized with port(s): 8080 (http)
[2022-05-17 13:34:35][INFO][org.apache.coyote.http11.Http11NioProtocol] Initializing ProtocolHandler ["http-nio-8080"]
[2022-05-17 13:34:35][INFO][org.apache.catalina.core.StandardService] Starting service [Tomcat]
[2022-05-17 13:34:35][INFO][org.apache.catalina.core.StandardEngine] Starting Servlet engine: [Apache Tomcat/9.0.62]
[2022-05-17 13:34:35][INFO][org.apache.catalina.core.ContainerBase.[Tomcat].[localhost].[/]] Initializing Spring embedded WebApplicationContext
[2022-05-17 13:34:35][INFO][org.springframework.boot.web.servlet.context.ServletWebServerApplicationContext] Root WebApplicationContext: initialization completed in 847 ms
[2022-05-17 13:35:01][INFO][org.apache.coyote.http11.Http11NioProtocol] Starting ProtocolHandler ["http-nio-8080"]
[2022-05-17 13:35:01][INFO][org.springframework.boot.web.embedded.tomcat.TomcatWebServer] Tomcat started on port(s): 8080 (http) with context path ''
[2022-05-17 13:35:01][INFO][xyz.klausturbo.manageable.kafka.ManageableKafkaConsumerApplication] Started ManageableKafkaConsumerApplication in 27.098 seconds (JVM running for 27.584)
[2022-05-17 13:36:47][INFO][xyz.klausturbo.manageable.kafka.ManageableKafkaConsumerApplication] Starting ManageableKafkaConsumerApplication using Java 1.8.0_231 on guyuedeMacBook-Pro.local with PID 98258 (/Users/guyue/IdeaProjects/manageable-kafka-consumer/target/classes started by guyue in /Users/guyue/IdeaProjects/manageable-kafka-consumer)
[2022-05-17 13:36:47][INFO][xyz.klausturbo.manageable.kafka.ManageableKafkaConsumerApplication] No active profile set, falling back to 1 default profile: "default"
[2022-05-17 13:36:48][INFO][org.springframework.boot.web.embedded.tomcat.TomcatWebServer] Tomcat initialized with port(s): 8080 (http)
[2022-05-17 13:36:48][INFO][org.apache.coyote.http11.Http11NioProtocol] Initializing ProtocolHandler ["http-nio-8080"]
[2022-05-17 13:36:48][INFO][org.apache.catalina.core.StandardService] Starting service [Tomcat]
[2022-05-17 13:36:48][INFO][org.apache.catalina.core.StandardEngine] Starting Servlet engine: [Apache Tomcat/9.0.62]
[2022-05-17 13:36:48][INFO][org.apache.catalina.core.ContainerBase.[Tomcat].[localhost].[/]] Initializing Spring embedded WebApplicationContext
[2022-05-17 13:36:48][INFO][org.springframework.boot.web.servlet.context.ServletWebServerApplicationContext] Root WebApplicationContext: initialization completed in 687 ms
[2022-05-17 13:36:48][INFO][org.apache.coyote.http11.Http11NioProtocol] Starting ProtocolHandler ["http-nio-8080"]
[2022-05-17 13:36:48][INFO][org.springframework.boot.web.embedded.tomcat.TomcatWebServer] Tomcat started on port(s): 8080 (http) with context path ''
[2022-05-17 13:36:48][INFO][xyz.klausturbo.manageable.kafka.ManageableKafkaConsumerApplication] Started ManageableKafkaConsumerApplication in 1.784 seconds (JVM running for 2.26)
[2022-05-17 14:08:56][INFO][xyz.klausturbo.manageable.kafka.ManageableKafkaConsumerApplication] Starting ManageableKafkaConsumerApplication using Java 1.8.0_231 on guyuedeMacBook-Pro.local with PID 99259 (/Users/guyue/IdeaProjects/manageable-kafka-consumer/target/classes started by guyue in /Users/guyue/IdeaProjects/manageable-kafka-consumer)
[2022-05-17 14:08:56][INFO][xyz.klausturbo.manageable.kafka.ManageableKafkaConsumerApplication] No active profile set, falling back to 1 default profile: "default"
[2022-05-17 14:08:57][INFO][org.springframework.boot.web.embedded.tomcat.TomcatWebServer] Tomcat initialized with port(s): 8080 (http)
[2022-05-17 14:08:57][INFO][org.apache.coyote.http11.Http11NioProtocol] Initializing ProtocolHandler ["http-nio-8080"]
[2022-05-17 14:08:57][INFO][org.apache.catalina.core.StandardService] Starting service [Tomcat]
[2022-05-17 14:08:57][INFO][org.apache.catalina.core.StandardEngine] Starting Servlet engine: [Apache Tomcat/9.0.62]
[2022-05-17 14:08:57][INFO][org.apache.catalina.core.ContainerBase.[Tomcat].[localhost].[/]] Initializing Spring embedded WebApplicationContext
[2022-05-17 14:08:57][INFO][org.springframework.boot.web.servlet.context.ServletWebServerApplicationContext] Root WebApplicationContext: initialization completed in 816 ms
[2022-05-17 14:08:58][INFO][org.apache.coyote.http11.Http11NioProtocol] Starting ProtocolHandler ["http-nio-8080"]
[2022-05-17 14:08:58][INFO][org.springframework.boot.web.embedded.tomcat.TomcatWebServer] Tomcat started on port(s): 8080 (http) with context path ''
[2022-05-17 14:08:58][INFO][xyz.klausturbo.manageable.kafka.ManageableKafkaConsumerApplication] Started ManageableKafkaConsumerApplication in 1.963 seconds (JVM running for 2.477)
[2022-05-17 14:29:46][INFO][xyz.klausturbo.manageable.kafka.ManageableKafkaConsumerApplication] Starting ManageableKafkaConsumerApplication using Java 1.8.0_231 on guyuedeMacBook-Pro.local with PID 99807 (/Users/guyue/IdeaProjects/manageable-kafka-consumer/target/classes started by guyue in /Users/guyue/IdeaProjects/manageable-kafka-consumer)
[2022-05-17 14:29:46][INFO][xyz.klausturbo.manageable.kafka.ManageableKafkaConsumerApplication] No active profile set, falling back to 1 default profile: "default"
[2022-05-17 14:29:47][INFO][org.springframework.boot.web.embedded.tomcat.TomcatWebServer] Tomcat initialized with port(s): 8080 (http)
[2022-05-17 14:29:47][INFO][org.apache.coyote.http11.Http11NioProtocol] Initializing ProtocolHandler ["http-nio-8080"]
[2022-05-17 14:29:47][INFO][org.apache.catalina.core.StandardService] Starting service [Tomcat]
[2022-05-17 14:29:47][INFO][org.apache.catalina.core.StandardEngine] Starting Servlet engine: [Apache Tomcat/9.0.62]
[2022-05-17 14:29:47][INFO][org.apache.catalina.core.ContainerBase.[Tomcat].[localhost].[/]] Initializing Spring embedded WebApplicationContext
[2022-05-17 14:29:47][INFO][org.springframework.boot.web.servlet.context.ServletWebServerApplicationContext] Root WebApplicationContext: initialization completed in 646 ms
[2022-05-17 14:29:48][INFO][org.apache.coyote.http11.Http11NioProtocol] Starting ProtocolHandler ["http-nio-8080"]
[2022-05-17 14:29:48][INFO][org.springframework.boot.web.embedded.tomcat.TomcatWebServer] Tomcat started on port(s): 8080 (http) with context path ''
[2022-05-17 14:29:48][INFO][xyz.klausturbo.manageable.kafka.ManageableKafkaConsumerApplication] Started ManageableKafkaConsumerApplication in 1.735 seconds (JVM running for 2.158)
